==8792== Memcheck, a memory error detector
==8792== Copyright (C) 2002-2022, and GNU GPL'd, by Julian Seward et al.
==8792== Using Valgrind-3.22.0-bd4db67b1d-20231031 and LibVEX; rerun with -h for copyright info
==8792== Command: ./run-tests
==8792== Parent PID: 8347
==8792== 
--8792-- 
--8792-- Valgrind options:
--8792--    --leak-check=full
--8792--    --show-leak-kinds=all
--8792--    --track-origins=yes
--8792--    --verbose
--8792--    --log-file=valgrind.rpt
--8792-- Contents of /proc/version:
--8792--   Linux version 6.8.0-1044-azure (buildd@lcy02-amd64-061) (x86_64-linux-gnu-gcc-11 (Ubuntu 11.4.0-1ubuntu1~22.04.2) 11.4.0, GNU ld (GNU Binutils for Ubuntu) 2.38) #50~22.04.1-Ubuntu SMP Wed Dec  3 15:13:22 UTC 2025
--8792-- 
--8792-- Arch and hwcaps: AMD64, LittleEndian, amd64-cx16-lzcnt-rdtscp-sse3-ssse3-avx-avx2-bmi-f16c-rdrand-rdseed
--8792-- Page sizes: currently 4096, max supported 4096
--8792-- Valgrind library directory: /usr/libexec/valgrind
--8792-- Reading syms from /workspaces/A22/run-tests
--8792-- Reading syms from /usr/lib/x86_64-linux-gnu/ld-linux-x86-64.so.2
--8792--   Considering /usr/lib/debug/.build-id/da/07864eb4c1b06504b8688d25d7e84759fe708d.debug ..
--8792--   .. build-id is valid
--8792-- Reading syms from /usr/libexec/valgrind/memcheck-amd64-linux
--8792--    object doesn't have a dynamic symbol table
--8792-- Scheduler: using generic scheduler lock implementation.
--8792-- Reading suppressions file: /usr/libexec/valgrind/default.supp
==8792== embedded gdbserver: reading from /tmp/vgdb-pipe-from-vgdb-to-8792-by-codespace-on-codespaces-8acd9d
==8792== embedded gdbserver: writing to   /tmp/vgdb-pipe-to-vgdb-from-8792-by-codespace-on-codespaces-8acd9d
==8792== embedded gdbserver: shared mem   /tmp/vgdb-pipe-shared-mem-vgdb-8792-by-codespace-on-codespaces-8acd9d
==8792== 
==8792== TO CONTROL THIS PROCESS USING vgdb (which you probably
==8792== don't want to do, unless you know exactly what you're doing,
==8792== or are doing some strange experiment):
==8792==   /usr/bin/vgdb --pid=8792 ...command...
==8792== 
==8792== TO DEBUG THIS PROCESS USING GDB: start GDB like this
==8792==   /path/to/gdb ./run-tests
==8792== and then give GDB the following command
==8792==   target remote | /usr/bin/vgdb --pid=8792
==8792== --pid is optional if only one valgrind process is running
==8792== 
--8792-- REDIR: 0x4028b00 (ld-linux-x86-64.so.2:strlen) redirected to 0x580c2e1a (???)
--8792-- REDIR: 0x40272b0 (ld-linux-x86-64.so.2:index) redirected to 0x580c2e34 (???)
--8792-- Reading syms from /usr/libexec/valgrind/vgpreload_core-amd64-linux.so
--8792-- Reading syms from /usr/libexec/valgrind/vgpreload_memcheck-amd64-linux.so
==8792== WARNING: new redirection conflicts with existing -- ignoring it
--8792--     old: 0x04028b00 (strlen              ) R-> (0000.0) 0x580c2e1a ???
--8792--     new: 0x04028b00 (strlen              ) R-> (2007.0) 0x0484f340 strlen
--8792-- REDIR: 0x40274e0 (ld-linux-x86-64.so.2:strcmp) redirected to 0x4850460 (strcmp)
--8792-- REDIR: 0x4026910 (ld-linux-x86-64.so.2:mempcpy) redirected to 0x4853cd0 (mempcpy)
--8792-- Reading syms from /usr/lib/x86_64-linux-gnu/libstdc++.so.6.0.33
--8792-- Reading syms from /usr/lib/x86_64-linux-gnu/libgcc_s.so.1
--8792-- Reading syms from /usr/lib/x86_64-linux-gnu/libc.so.6
--8792--   Considering /usr/lib/debug/.build-id/8e/9fd827446c24067541ac5390e6f527fb5947bb.debug ..
--8792--   .. build-id is valid
--8792-- Reading syms from /usr/lib/x86_64-linux-gnu/libm.so.6
--8792-- REDIR: 0x4028ca0 (ld-linux-x86-64.so.2:strncmp) redirected to 0x484fc90 (strncmp)
--8792-- REDIR: 0x4bc2070 (libc.so.6:strnlen) redirected to 0x483d1c0 (_vgnU_ifunc_wrapper)
--8792-- REDIR: 0x4bc2100 (libc.so.6:strpbrk) redirected to 0x483d1c0 (_vgnU_ifunc_wrapper)
--8792-- REDIR: 0x4bc01c0 (libc.so.6:strcmp) redirected to 0x483d1c0 (_vgnU_ifunc_wrapper)
--8792-- REDIR: 0x4bd93b0 (libc.so.6:wcsnlen) redirected to 0x483d1c0 (_vgnU_ifunc_wrapper)
--8792-- REDIR: 0x4bbf2b0 (libc.so.6:memset) redirected to 0x483d1c0 (_vgnU_ifunc_wrapper)
--8792-- REDIR: 0x4bd8b20 (libc.so.6:wcslen) redirected to 0x483d1c0 (_vgnU_ifunc_wrapper)
--8792-- REDIR: 0x4c443f0 (libc.so.6:__memcpy_chk) redirected to 0x483d1c0 (_vgnU_ifunc_wrapper)
--8792-- REDIR: 0x4bbf220 (libc.so.6:memrchr) redirected to 0x483d1c0 (_vgnU_ifunc_wrapper)
--8792-- REDIR: 0x4bd9350 (libc.so.6:wcsncpy) redirected to 0x483d1c0 (_vgnU_ifunc_wrapper)
--8792-- REDIR: 0x4bbe740 (libc.so.6:memcpy@@GLIBC_2.14) redirected to 0x483d1c0 (_vgnU_ifunc_wrapper)
--8792-- REDIR: 0x4bd78e0 (libc.so.6:wcschr) redirected to 0x483d1c0 (_vgnU_ifunc_wrapper)
--8792-- REDIR: 0x4bc00b0 (libc.so.6:index) redirected to 0x483d1c0 (_vgnU_ifunc_wrapper)
--8792-- REDIR: 0x4bc2130 (libc.so.6:rindex) redirected to 0x483d1c0 (_vgnU_ifunc_wrapper)
--8792-- REDIR: 0x4bd7990 (libc.so.6:wcscmp) redirected to 0x483d1c0 (_vgnU_ifunc_wrapper)
--8792-- REDIR: 0x4bbf4d0 (libc.so.6:stpncpy) redirected to 0x483d1c0 (_vgnU_ifunc_wrapper)
--8792-- REDIR: 0x4be5eb0 (libc.so.6:wmemchr) redirected to 0x483d1c0 (_vgnU_ifunc_wrapper)
--8792-- REDIR: 0x4bc1f10 (libc.so.6:strncmp) redirected to 0x483d1c0 (_vgnU_ifunc_wrapper)
--8792-- REDIR: 0x4bbf530 (libc.so.6:strcasecmp) redirected to 0x483d1c0 (_vgnU_ifunc_wrapper)
--8792-- REDIR: 0x4bc1330 (libc.so.6:strcspn) redirected to 0x483d1c0 (_vgnU_ifunc_wrapper)
--8792-- REDIR: 0x4bd88f0 (libc.so.6:wcscpy) redirected to 0x483d1c0 (_vgnU_ifunc_wrapper)
--8792-- REDIR: 0x4bc0040 (libc.so.6:strcat) redirected to 0x483d1c0 (_vgnU_ifunc_wrapper)
--8792-- REDIR: 0x4bc1e10 (libc.so.6:strncasecmp_l) redirected to 0x483d1c0 (_vgnU_ifunc_wrapper)
--8792-- REDIR: 0x4bc0130 (libc.so.6:strchrnul) redirected to 0x483d1c0 (_vgnU_ifunc_wrapper)
--8792-- REDIR: 0x4bbe650 (libc.so.6:bcmp) redirected to 0x483d1c0 (_vgnU_ifunc_wrapper)
--8792-- REDIR: 0x4bc12c0 (libc.so.6:strcpy) redirected to 0x483d1c0 (_vgnU_ifunc_wrapper)
--8792-- REDIR: 0x4bbf5d0 (libc.so.6:strcasecmp_l) redirected to 0x483d1c0 (_vgnU_ifunc_wrapper)
--8792-- REDIR: 0x4bc1ce0 (libc.so.6:strlen) redirected to 0x483d1c0 (_vgnU_ifunc_wrapper)
--8792-- REDIR: 0x4bc1fb0 (libc.so.6:strncpy) redirected to 0x483d1c0 (_vgnU_ifunc_wrapper)
--8792-- REDIR: 0x4be5f30 (libc.so.6:wmemcmp) redirected to 0x483d1c0 (_vgnU_ifunc_wrapper)
--8792-- REDIR: 0x4c44510 (libc.so.6:__memmove_chk) redirected to 0x483d1c0 (_vgnU_ifunc_wrapper)
==8792== WARNING: new redirection conflicts with existing -- ignoring it
--8792--     old: 0x04c95a50 (__memcpy_chk_avx_una) R-> (2030.0) 0x04853dd0 __memcpy_chk
--8792--     new: 0x04c95a50 (__memcpy_chk_avx_una) R-> (2024.0) 0x04853740 __memmove_chk
--8792-- REDIR: 0x4bbf460 (libc.so.6:stpcpy) redirected to 0x483d1c0 (_vgnU_ifunc_wrapper)
--8792-- REDIR: 0x4bbefe0 (libc.so.6:memmove) redirected to 0x483d1c0 (_vgnU_ifunc_wrapper)
==8792== Preferring higher priority redirection:
--8792--     old: 0x04c95a80 (__memcpy_avx_unalign) R-> (2018.0) 0x04851580 __memcpy_avx_unaligned_erms
--8792--     new: 0x04c95a80 (__memcpy_avx_unalign) R-> (2018.1) 0x04852d60 memmove
--8792-- REDIR: 0x4bbe5d0 (libc.so.6:memchr) redirected to 0x483d1c0 (_vgnU_ifunc_wrapper)
--8792-- REDIR: 0x4bc2300 (libc.so.6:strspn) redirected to 0x483d1c0 (_vgnU_ifunc_wrapper)
--8792-- REDIR: 0x4bbf100 (libc.so.6:mempcpy) redirected to 0x483d1c0 (_vgnU_ifunc_wrapper)
--8792-- REDIR: 0x4bc1d70 (libc.so.6:strncasecmp) redirected to 0x483d1c0 (_vgnU_ifunc_wrapper)
--8792-- REDIR: 0x4c9a670 (libc.so.6:__strrchr_avx2) redirected to 0x484ed20 (rindex)
--8792-- REDIR: 0x4c987c0 (libc.so.6:__strlen_avx2) redirected to 0x484f220 (strlen)
--8792-- REDIR: 0x4c95320 (libc.so.6:__memcmp_avx2_movbe) redirected to 0x4852480 (bcmp)
--8792-- REDIR: 0x4c998a0 (libc.so.6:__strncmp_avx2) redirected to 0x484fab0 (strncmp)
--8792-- REDIR: 0x4bba670 (libc.so.6:malloc) redirected to 0x48467b0 (malloc)
--8792-- REDIR: 0x4bbad50 (libc.so.6:free) redirected to 0x4849820 (free)
--8792-- REDIR: 0x4c978d0 (libc.so.6:__strcat_avx2) redirected to 0x484ef30 (strcat)
--8792-- REDIR: 0x10c178 (NONE:operator new(unsigned long)) redirected to 0x4846f30 (operator new(unsigned long))
--8792-- REDIR: 0x4c95a80 (libc.so.6:__memcpy_avx_unaligned_erms) redirected to 0x4852d60 (memmove)
--8792-- REDIR: 0x4c97be0 (libc.so.6:__strchr_avx2) redirected to 0x484ef00 (index)
--8792-- REDIR: 0x4c95080 (libc.so.6:__memchr_avx2) redirected to 0x48504e0 (memchr)
--8792-- REDIR: 0x4c98010 (libc.so.6:__strcmp_avx2) redirected to 0x4850360 (strcmp)
--8792-- REDIR: 0x4c95a50 (libc.so.6:__memcpy_chk_avx_unaligned_erms) redirected to 0x4853dd0 (__memcpy_chk)
--8792-- REDIR: 0x4c95a40 (libc.so.6:__mempcpy_avx_unaligned_erms) redirected to 0x48538d0 (mempcpy)
--8792-- REDIR: 0x4c97e20 (libc.so.6:__strchrnul_avx2) redirected to 0x48537b0 (strchrnul)
--8792-- REDIR: 0x4c9a3a0 (libc.so.6:__strnlen_avx2) redirected to 0x484f1c0 (strnlen)
--8792-- REDIR: 0x4c96480 (libc.so.6:__memset_avx2_unaligned_erms) redirected to 0x4852c50 (memset)
--8792-- REDIR: 0x10c37f (NONE:operator delete(void*)) redirected to 0x484a080 (operator delete(void*))
--8792-- REDIR: 0x491c950 (libstdc++.so.6:operator new[](unsigned long)) redirected to 0x4848550 (operator new[](unsigned long))
--8792-- REDIR: 0x4bbb7c0 (libc.so.6:calloc) redirected to 0x484d8a0 (calloc)
--8792-- REDIR: 0x4bbbe90 (libc.so.6:malloc_usable_size) redirected to 0x484e7a0 (malloc_usable_size)
==8792== 
==8792== Process terminating with default action of signal 13 (SIGPIPE)
==8792==    at 0x4C295DD: __libc_write (write.c:26)
==8792==    by 0x4C295DD: write (write.c:24)
==8792==    by 0x4BA0974: _IO_file_write@@GLIBC_2.2.5 (fileops.c:1181)
==8792==    by 0x4B9F570: new_do_write (fileops.c:449)
==8792==    by 0x4B9F570: _IO_do_write@@GLIBC_2.2.5 (fileops.c:426)
==8792==    by 0x4BA00BF: _IO_file_sync@@GLIBC_2.2.5 (fileops.c:799)
==8792==    by 0x4B92836: fflush (iofflush.c:40)
==8792==    by 0x49B6F5A: std::ostream::flush() (in /usr/lib/x86_64-linux-gnu/libstdc++.so.6.0.33)
==8792==    by 0x110043: LiveMonitor::draw_frame(bool) (in /workspaces/A22/run-tests)
==8792==    by 0x110083: LiveMonitor::sample_loop() (in /workspaces/A22/run-tests)
==8792==    by 0x10FBC8: LiveMonitor::start()::{lambda()#1}::operator()() const (in /workspaces/A22/run-tests)
==8792==    by 0x113271: void std::__invoke_impl<void, LiveMonitor::start()::{lambda()#1}>(std::__invoke_other, LiveMonitor::start()::{lambda()#1}&&) (in /workspaces/A22/run-tests)
==8792==    by 0x11322C: std::__invoke_result<LiveMonitor::start()::{lambda()#1}>::type std::__invoke<LiveMonitor::start()::{lambda()#1}>(LiveMonitor::start()::{lambda()#1}&&) (in /workspaces/A22/run-tests)
==8792==    by 0x1131CD: void std::thread::_Invoker<std::tuple<LiveMonitor::start()::{lambda()#1}> >::_M_invoke<0ul>(std::_Index_tuple<0ul>) (in /workspaces/A22/run-tests)
==8792== 
==8792== HEAP SUMMARY:
==8792==     in use at exit: 16,086,672 bytes in 27 blocks
==8792==   total heap usage: 49 allocs, 22 frees, 16,193,567 bytes allocated
==8792== 
==8792== Searching for pointers to 27 not-freed blocks
==8792== Checked 24,545,200 bytes
==8792== 
==8792== 15 bytes in 1 blocks are still reachable in loss record 1 of 19
==8792==    at 0x4846828: malloc (in /usr/libexec/valgrind/vgpreload_memcheck-amd64-linux.so)
==8792==    by 0x4BC137E: strdup (strdup.c:42)
==8792==    by 0x4BED788: tzset_internal (tzset.c:402)
==8792==    by 0x4BEE18A: __tz_convert (tzset.c:577)
==8792==    by 0x4BEB7EC: ctime (ctime.c:27)
==8792==    by 0x10E275: grade_header(std::__cxx11::basic_string<char, std::char_traits<char>, std::allocator<char> >, passwd*) (in /workspaces/A22/run-tests)
==8792==    by 0x10E88A: main (in /workspaces/A22/run-tests)
==8792== 
==8792== 16 bytes in 1 blocks are still reachable in loss record 2 of 19
==8792==    at 0x4846FA3: operator new(unsigned long) (in /usr/libexec/valgrind/vgpreload_memcheck-amd64-linux.so)
==8792==    by 0x1108DB: std::thread::thread<LiveMonitor::start()::{lambda()#1}, , void>(LiveMonitor::start()::{lambda()#1}&&) (in /workspaces/A22/run-tests)
==8792==    by 0x10FC81: LiveMonitor::start() (in /workspaces/A22/run-tests)
==8792==    by 0x10DCAC: run_one(algorithm, std::__cxx11::basic_string<char, std::char_traits<char>, std::allocator<char> >*, unsigned long) (in /workspaces/A22/run-tests)
==8792==    by 0x10E099: run_test(std::__cxx11::basic_string<char, std::char_traits<char>, std::allocator<char> >*, unsigned long, passwd*, AlgoChoice) (in /workspaces/A22/run-tests)
==8792==    by 0x10E951: main (in /workspaces/A22/run-tests)
==8792== 
==8792== 17 bytes in 1 blocks are still reachable in loss record 3 of 19
==8792==    at 0x4846828: malloc (in /usr/libexec/valgrind/vgpreload_memcheck-amd64-linux.so)
==8792==    by 0x4BEE722: __tzfile_read (tzfile.c:280)
==8792==    by 0x4BED79B: tzset_internal (tzset.c:405)
==8792==    by 0x4BEE18A: __tz_convert (tzset.c:577)
==8792==    by 0x4BEB7EC: ctime (ctime.c:27)
==8792==    by 0x10E275: grade_header(std::__cxx11::basic_string<char, std::char_traits<char>, std::allocator<char> >, passwd*) (in /workspaces/A22/run-tests)
==8792==    by 0x10E88A: main (in /workspaces/A22/run-tests)
==8792== 
==8792== 19 bytes in 1 blocks are still reachable in loss record 4 of 19
==8792==    at 0x4846FA3: operator new(unsigned long) (in /usr/libexec/valgrind/vgpreload_memcheck-amd64-linux.so)
==8792==    by 0x49CC85A: void std::__cxx11::basic_string<char, std::char_traits<char>, std::allocator<char> >::_M_construct<char*>(char*, char*, std::forward_iterator_tag) (in /usr/lib/x86_64-linux-gnu/libstdc++.so.6.0.33)
==8792==    by 0x10E923: main (in /workspaces/A22/run-tests)
==8792== 
==8792== 19 bytes in 1 blocks are still reachable in loss record 5 of 19
==8792==    at 0x48485C3: operator new[](unsigned long) (in /usr/libexec/valgrind/vgpreload_memcheck-amd64-linux.so)
==8792==    by 0x10D9F7: run_one(algorithm, std::__cxx11::basic_string<char, std::char_traits<char>, std::allocator<char> >*, unsigned long) (in /workspaces/A22/run-tests)
==8792==    by 0x10E099: run_test(std::__cxx11::basic_string<char, std::char_traits<char>, std::allocator<char> >*, unsigned long, passwd*, AlgoChoice) (in /workspaces/A22/run-tests)
==8792==    by 0x10E951: main (in /workspaces/A22/run-tests)
==8792== 
==8792== 20 bytes in 1 blocks are still reachable in loss record 6 of 19
==8792==    at 0x4846828: malloc (in /usr/libexec/valgrind/vgpreload_memcheck-amd64-linux.so)
==8792==    by 0x4BECDF8: __tzstring_len (tzset.c:98)
==8792==    by 0x4BEEEDB: __tzfile_read (tzfile.c:413)
==8792==    by 0x4BED79B: tzset_internal (tzset.c:405)
==8792==    by 0x4BEE18A: __tz_convert (tzset.c:577)
==8792==    by 0x4BEB7EC: ctime (ctime.c:27)
==8792==    by 0x10E275: grade_header(std::__cxx11::basic_string<char, std::char_traits<char>, std::allocator<char> >, passwd*) (in /workspaces/A22/run-tests)
==8792==    by 0x10E88A: main (in /workspaces/A22/run-tests)
==8792== 
==8792== 64 bytes in 1 blocks are still reachable in loss record 7 of 19
==8792==    at 0x4846828: malloc (in /usr/libexec/valgrind/vgpreload_memcheck-amd64-linux.so)
==8792==    by 0x4C5EB7F: __nss_action_allocate (nss_action.c:90)
==8792==    by 0x4C5F18C: __nss_action_parse (nss_action_parse.c:177)
==8792==    by 0x4C5F83E: nss_database_select_default (nss_database.c:166)
==8792==    by 0x4C5F83E: nss_database_reload (nss_database.c:368)
==8792==    by 0x4C5F83E: nss_database_check_reload_and_get (nss_database.c:457)
==8792==    by 0x4C5D95B: __nss_passwd_lookup2 (XXX-lookup.c:53)
==8792==    by 0x4C6FB06: getpwuid_r@@GLIBC_2.2.5 (getXXbyYY_r.c:264)
==8792==    by 0x4C6F9B6: getpwuid (getXXbyYY.c:140)
==8792==    by 0x10E7CE: main (in /workspaces/A22/run-tests)
==8792== 
==8792== 93 bytes in 3 blocks are still reachable in loss record 8 of 19
==8792==    at 0x4846FA3: operator new(unsigned long) (in /usr/libexec/valgrind/vgpreload_memcheck-amd64-linux.so)
==8792==    by 0x49C970E: std::__cxx11::basic_string<char, std::char_traits<char>, std::allocator<char> >::_M_mutate(unsigned long, unsigned long, char const*, unsigned long) (in /usr/lib/x86_64-linux-gnu/libstdc++.so.6.0.33)
==8792==    by 0x49CA82A: std::__cxx11::basic_string<char, std::char_traits<char>, std::allocator<char> >::_M_replace(unsigned long, unsigned long, char const*, unsigned long) (in /usr/lib/x86_64-linux-gnu/libstdc++.so.6.0.33)
==8792==    by 0x10E7A8: main (in /workspaces/A22/run-tests)
==8792== 
==8792== 216 bytes in 1 blocks are still reachable in loss record 9 of 19
==8792==    at 0x4846828: malloc (in /usr/libexec/valgrind/vgpreload_memcheck-amd64-linux.so)
==8792==    by 0x4C5F311: global_state_allocate (nss_database.c:54)
==8792==    by 0x4C2A75C: __libc_allocate_once_slow (allocate_once.c:28)
==8792==    by 0x4C5FCF6: allocate_once (allocate_once.h:90)
==8792==    by 0x4C5FCF6: nss_database_state_get (nss_database.c:73)
==8792==    by 0x4C5FCF6: __nss_database_get (nss_database.c:480)
==8792==    by 0x4C5D95B: __nss_passwd_lookup2 (XXX-lookup.c:53)
==8792==    by 0x4C6FB06: getpwuid_r@@GLIBC_2.2.5 (getXXbyYY_r.c:264)
==8792==    by 0x4C6F9B6: getpwuid (getXXbyYY.c:140)
==8792==    by 0x10E7CE: main (in /workspaces/A22/run-tests)
==8792== 
==8792== 224 bytes in 4 blocks are still reachable in loss record 10 of 19
==8792==    at 0x4846828: malloc (in /usr/libexec/valgrind/vgpreload_memcheck-amd64-linux.so)
==8792==    by 0x4C5EB7F: __nss_action_allocate (nss_action.c:90)
==8792==    by 0x4C5F18C: __nss_action_parse (nss_action_parse.c:177)
==8792==    by 0x4C5F758: process_line (nss_database.c:232)
==8792==    by 0x4C5F758: nss_database_reload_1 (nss_database.c:294)
==8792==    by 0x4C5F758: nss_database_reload (nss_database.c:332)
==8792==    by 0x4C5F758: nss_database_check_reload_and_get (nss_database.c:457)
==8792==    by 0x4C5D95B: __nss_passwd_lookup2 (XXX-lookup.c:53)
==8792==    by 0x4C6FB06: getpwuid_r@@GLIBC_2.2.5 (getXXbyYY_r.c:264)
==8792==    by 0x4C6F9B6: getpwuid (getXXbyYY.c:140)
==8792==    by 0x10E7CE: main (in /workspaces/A22/run-tests)
==8792== 
==8792== 320 bytes in 1 blocks are possibly lost in loss record 11 of 19
==8792==    at 0x484D953: calloc (in /usr/libexec/valgrind/vgpreload_memcheck-amd64-linux.so)
==8792==    by 0x40145AB: calloc (rtld-malloc.h:44)
==8792==    by 0x40145AB: allocate_dtv (dl-tls.c:370)
==8792==    by 0x40145AB: _dl_allocate_tls (dl-tls.c:629)
==8792==    by 0x4BAA616: allocate_stack (allocatestack.c:429)
==8792==    by 0x4BAA616: pthread_create@@GLIBC_2.34 (pthread_create.c:655)
==8792==    by 0x494DEB0: std::thread::_M_start_thread(std::unique_ptr<std::thread::_State, std::default_delete<std::thread::_State> >, void (*)()) (in /usr/lib/x86_64-linux-gnu/libstdc++.so.6.0.33)
==8792==    by 0x11092A: std::thread::thread<LiveMonitor::start()::{lambda()#1}, , void>(LiveMonitor::start()::{lambda()#1}&&) (in /workspaces/A22/run-tests)
==8792==    by 0x10FC81: LiveMonitor::start() (in /workspaces/A22/run-tests)
==8792==    by 0x10DCAC: run_one(algorithm, std::__cxx11::basic_string<char, std::char_traits<char>, std::allocator<char> >*, unsigned long) (in /workspaces/A22/run-tests)
==8792==    by 0x10E099: run_test(std::__cxx11::basic_string<char, std::char_traits<char>, std::allocator<char> >*, unsigned long, passwd*, AlgoChoice) (in /workspaces/A22/run-tests)
==8792==    by 0x10E951: main (in /workspaces/A22/run-tests)
==8792== 
==8792== 544 bytes in 1 blocks are still reachable in loss record 12 of 19
==8792==    at 0x4846828: malloc (in /usr/libexec/valgrind/vgpreload_memcheck-amd64-linux.so)
==8792==    by 0x4C60E1C: __nss_module_allocate (nss_module.c:88)
==8792==    by 0x4C5ED60: nss_action_parse (nss_action_parse.c:57)
==8792==    by 0x4C5ED60: __nss_action_parse (nss_action_parse.c:169)
==8792==    by 0x4C5F83E: nss_database_select_default (nss_database.c:166)
==8792==    by 0x4C5F83E: nss_database_reload (nss_database.c:368)
==8792==    by 0x4C5F83E: nss_database_check_reload_and_get (nss_database.c:457)
==8792==    by 0x4C5D95B: __nss_passwd_lookup2 (XXX-lookup.c:53)
==8792==    by 0x4C6FB06: getpwuid_r@@GLIBC_2.2.5 (getXXbyYY_r.c:264)
==8792==    by 0x4C6F9B6: getpwuid (getXXbyYY.c:140)
==8792==    by 0x10E7CE: main (in /workspaces/A22/run-tests)
==8792== 
==8792== 1,024 bytes in 1 blocks are still reachable in loss record 13 of 19
==8792==    at 0x4846828: malloc (in /usr/libexec/valgrind/vgpreload_memcheck-amd64-linux.so)
==8792==    by 0x4C6FA14: getpwuid (getXXbyYY.c:126)
==8792==    by 0x10E7CE: main (in /workspaces/A22/run-tests)
==8792== 
==8792== 2,161 bytes in 4 blocks are still reachable in loss record 14 of 19
==8792==    at 0x4846828: malloc (in /usr/libexec/valgrind/vgpreload_memcheck-amd64-linux.so)
==8792==    by 0x4C60E1C: __nss_module_allocate (nss_module.c:88)
==8792==    by 0x4C5ED60: nss_action_parse (nss_action_parse.c:57)
==8792==    by 0x4C5ED60: __nss_action_parse (nss_action_parse.c:169)
==8792==    by 0x4C5F758: process_line (nss_database.c:232)
==8792==    by 0x4C5F758: nss_database_reload_1 (nss_database.c:294)
==8792==    by 0x4C5F758: nss_database_reload (nss_database.c:332)
==8792==    by 0x4C5F758: nss_database_check_reload_and_get (nss_database.c:457)
==8792==    by 0x4C5D95B: __nss_passwd_lookup2 (XXX-lookup.c:53)
==8792==    by 0x4C6FB06: getpwuid_r@@GLIBC_2.2.5 (getXXbyYY_r.c:264)
==8792==    by 0x4C6F9B6: getpwuid (getXXbyYY.c:140)
==8792==    by 0x10E7CE: main (in /workspaces/A22/run-tests)
==8792== 
==8792== 4,096 bytes in 1 blocks are still reachable in loss record 15 of 19
==8792==    at 0x4846828: malloc (in /usr/libexec/valgrind/vgpreload_memcheck-amd64-linux.so)
==8792==    by 0x4B921B4: _IO_file_doallocate (filedoalloc.c:101)
==8792==    by 0x4BA2523: _IO_doallocbuf (genops.c:347)
==8792==    by 0x4B9FF8F: _IO_file_overflow@@GLIBC_2.2.5 (fileops.c:745)
==8792==    by 0x4BA0AAE: _IO_new_file_xsputn (fileops.c:1244)
==8792==    by 0x4BA0AAE: _IO_file_xsputn@@GLIBC_2.2.5 (fileops.c:1197)
==8792==    by 0x4B93A11: fwrite (iofwrite.c:39)
==8792==    by 0x49B7DC3: std::basic_ostream<char, std::char_traits<char> >& std::__ostream_insert<char, std::char_traits<char> >(std::basic_ostream<char, std::char_traits<char> >&, char const*, long) (in /usr/lib/x86_64-linux-gnu/libstdc++.so.6.0.33)
==8792==    by 0x49B813B: std::basic_ostream<char, std::char_traits<char> >& std::operator<< <std::char_traits<char> >(std::basic_ostream<char, std::char_traits<char> >&, char const*) (in /usr/lib/x86_64-linux-gnu/libstdc++.so.6.0.33)
==8792==    by 0x10E101: grade_header(std::__cxx11::basic_string<char, std::char_traits<char>, std::allocator<char> >, passwd*) (in /workspaces/A22/run-tests)
==8792==    by 0x10E88A: main (in /workspaces/A22/run-tests)
==8792== 
==8792== 4,096 bytes in 1 blocks are still reachable in loss record 16 of 19
==8792==    at 0x4846828: malloc (in /usr/libexec/valgrind/vgpreload_memcheck-amd64-linux.so)
==8792==    by 0x4B921B4: _IO_file_doallocate (filedoalloc.c:101)
==8792==    by 0x4BA2523: _IO_doallocbuf (genops.c:347)
==8792==    by 0x4B9F883: _IO_file_underflow@@GLIBC_2.2.5 (fileops.c:486)
==8792==    by 0x4BA25D1: _IO_default_uflow (genops.c:362)
==8792==    by 0x49891C8: __gnu_cxx::stdio_sync_filebuf<char, std::char_traits<char> >::underflow() (in /usr/lib/x86_64-linux-gnu/libstdc++.so.6.0.33)
==8792==    by 0x4998062: std::istream::sentry::sentry(std::istream&, bool) (in /usr/lib/x86_64-linux-gnu/libstdc++.so.6.0.33)
==8792==    by 0x499A6EF: std::istream& std::istream::_M_extract<unsigned long>(unsigned long&) (in /usr/lib/x86_64-linux-gnu/libstdc++.so.6.0.33)
==8792==    by 0x10D065: select_file(std::__cxx11::basic_string<char, std::char_traits<char>, std::allocator<char> > const*, unsigned long) (in /workspaces/A22/run-tests)
==8792==    by 0x10E8EC: main (in /workspaces/A22/run-tests)
==8792== 
==8792== 73,728 bytes in 1 blocks are still reachable in loss record 17 of 19
==8792==    at 0x4846828: malloc (in /usr/libexec/valgrind/vgpreload_memcheck-amd64-linux.so)
==8792==    by 0x491838E: ??? (in /usr/lib/x86_64-linux-gnu/libstdc++.so.6.0.33)
==8792==    by 0x400571E: call_init.part.0 (dl-init.c:74)
==8792==    by 0x4005823: call_init (dl-init.c:120)
==8792==    by 0x4005823: _dl_init (dl-init.c:121)
==8792==    by 0x401F59F: ??? (in /usr/lib/x86_64-linux-gnu/ld-linux-x86-64.so.2)
==8792== 
==8792== 8,000,000 bytes in 1 blocks are still reachable in loss record 18 of 19
==8792==    at 0x484D953: calloc (in /usr/libexec/valgrind/vgpreload_memcheck-amd64-linux.so)
==8792==    by 0x10C500: read_file(char const*) (in /workspaces/A22/run-tests)
==8792==    by 0x10DAE8: run_one(algorithm, std::__cxx11::basic_string<char, std::char_traits<char>, std::allocator<char> >*, unsigned long) (in /workspaces/A22/run-tests)
==8792==    by 0x10E099: run_test(std::__cxx11::basic_string<char, std::char_traits<char>, std::allocator<char> >*, unsigned long, passwd*, AlgoChoice) (in /workspaces/A22/run-tests)
==8792==    by 0x10E951: main (in /workspaces/A22/run-tests)
==8792== 
==8792== 8,000,000 bytes in 1 blocks are still reachable in loss record 19 of 19
==8792==    at 0x484D953: calloc (in /usr/libexec/valgrind/vgpreload_memcheck-amd64-linux.so)
==8792==    by 0x10DBAE: run_one(algorithm, std::__cxx11::basic_string<char, std::char_traits<char>, std::allocator<char> >*, unsigned long) (in /workspaces/A22/run-tests)
==8792==    by 0x10E099: run_test(std::__cxx11::basic_string<char, std::char_traits<char>, std::allocator<char> >*, unsigned long, passwd*, AlgoChoice) (in /workspaces/A22/run-tests)
==8792==    by 0x10E951: main (in /workspaces/A22/run-tests)
==8792== 
==8792== LEAK SUMMARY:
==8792==    definitely lost: 0 bytes in 0 blocks
==8792==    indirectly lost: 0 bytes in 0 blocks
==8792==      possibly lost: 320 bytes in 1 blocks
==8792==    still reachable: 16,086,352 bytes in 26 blocks
==8792==         suppressed: 0 bytes in 0 blocks
==8792== 
==8792== ERROR SUMMARY: 1 errors from 1 contexts (suppressed: 0 from 0)
